  main.c
c:\users\brevin simon\desktop\battleshipfeaturingrihanna\battleshipfeaturingrihanna\main.c(11): warning C4244: 'function': conversion from 'time_t' to 'unsigned int', possible loss of data
c:\users\brevin simon\desktop\battleshipfeaturingrihanna\battleshipfeaturingrihanna\main.c(30): warning C4996: 'fopen': This function or variable may be unsafe. Consider using fopen_s instead. To disable deprecation, use _CRT_SECURE_NO_WARNINGS. See online help for details.
  c:\program files (x86)\windows kits\10\include\10.0.10240.0\ucrt\stdio.h(205): note: see declaration of 'fopen'
c:\users\brevin simon\desktop\battleshipfeaturingrihanna\battleshipfeaturingrihanna\main.c(74): warning C4996: 'scanf': This function or variable may be unsafe. Consider using scanf_s instead. To disable deprecation, use _CRT_SECURE_NO_WARNINGS. See online help for details.
  c:\program files (x86)\windows kits\10\include\10.0.10240.0\ucrt\stdio.h(1270): note: see declaration of 'scanf'
c:\users\brevin simon\desktop\battleshipfeaturingrihanna\battleshipfeaturingrihanna\main.c(84): warning C4996: 'scanf': This function or variable may be unsafe. Consider using scanf_s instead. To disable deprecation, use _CRT_SECURE_NO_WARNINGS. See online help for details.
  c:\program files (x86)\windows kits\10\include\10.0.10240.0\ucrt\stdio.h(1270): note: see declaration of 'scanf'
c:\users\brevin simon\desktop\battleshipfeaturingrihanna\battleshipfeaturingrihanna\main.c(86): warning C4996: 'scanf': This function or variable may be unsafe. Consider using scanf_s instead. To disable deprecation, use _CRT_SECURE_NO_WARNINGS. See online help for details.
  c:\program files (x86)\windows kits\10\include\10.0.10240.0\ucrt\stdio.h(1270): note: see declaration of 'scanf'
c:\users\brevin simon\desktop\battleshipfeaturingrihanna\battleshipfeaturingrihanna\main.c(88): warning C4996: 'scanf': This function or variable may be unsafe. Consider using scanf_s instead. To disable deprecation, use _CRT_SECURE_NO_WARNINGS. See online help for details.
  c:\program files (x86)\windows kits\10\include\10.0.10240.0\ucrt\stdio.h(1270): note: see declaration of 'scanf'
c:\users\brevin simon\desktop\battleshipfeaturingrihanna\battleshipfeaturingrihanna\main.c(90): warning C4996: 'scanf': This function or variable may be unsafe. Consider using scanf_s instead. To disable deprecation, use _CRT_SECURE_NO_WARNINGS. See online help for details.
  c:\program files (x86)\windows kits\10\include\10.0.10240.0\ucrt\stdio.h(1270): note: see declaration of 'scanf'
c:\users\brevin simon\desktop\battleshipfeaturingrihanna\battleshipfeaturingrihanna\main.c(92): warning C4996: 'scanf': This function or variable may be unsafe. Consider using scanf_s instead. To disable deprecation, use _CRT_SECURE_NO_WARNINGS. See online help for details.
  c:\program files (x86)\windows kits\10\include\10.0.10240.0\ucrt\stdio.h(1270): note: see declaration of 'scanf'
c:\users\brevin simon\desktop\battleshipfeaturingrihanna\battleshipfeaturingrihanna\main.c(94): warning C4996: 'scanf': This function or variable may be unsafe. Consider using scanf_s instead. To disable deprecation, use _CRT_SECURE_NO_WARNINGS. See online help for details.
  c:\program files (x86)\windows kits\10\include\10.0.10240.0\ucrt\stdio.h(1270): note: see declaration of 'scanf'
c:\users\brevin simon\desktop\battleshipfeaturingrihanna\battleshipfeaturingrihanna\main.c(96): warning C4996: 'scanf': This function or variable may be unsafe. Consider using scanf_s instead. To disable deprecation, use _CRT_SECURE_NO_WARNINGS. See online help for details.
  c:\program files (x86)\windows kits\10\include\10.0.10240.0\ucrt\stdio.h(1270): note: see declaration of 'scanf'
c:\users\brevin simon\desktop\battleshipfeaturingrihanna\battleshipfeaturingrihanna\main.c(98): warning C4996: 'scanf': This function or variable may be unsafe. Consider using scanf_s instead. To disable deprecation, use _CRT_SECURE_NO_WARNINGS. See online help for details.
  c:\program files (x86)\windows kits\10\include\10.0.10240.0\ucrt\stdio.h(1270): note: see declaration of 'scanf'
c:\users\brevin simon\desktop\battleshipfeaturingrihanna\battleshipfeaturingrihanna\main.c(100): warning C4996: 'scanf': This function or variable may be unsafe. Consider using scanf_s instead. To disable deprecation, use _CRT_SECURE_NO_WARNINGS. See online help for details.
  c:\program files (x86)\windows kits\10\include\10.0.10240.0\ucrt\stdio.h(1270): note: see declaration of 'scanf'
c:\users\brevin simon\desktop\battleshipfeaturingrihanna\battleshipfeaturingrihanna\main.c(102): warning C4996: 'scanf': This function or variable may be unsafe. Consider using scanf_s instead. To disable deprecation, use _CRT_SECURE_NO_WARNINGS. See online help for details.
  c:\program files (x86)\windows kits\10\include\10.0.10240.0\ucrt\stdio.h(1270): note: see declaration of 'scanf'
c:\users\brevin simon\desktop\battleshipfeaturingrihanna\battleshipfeaturingrihanna\main.c(112): warning C4996: 'scanf': This function or variable may be unsafe. Consider using scanf_s instead. To disable deprecation, use _CRT_SECURE_NO_WARNINGS. See online help for details.
  c:\program files (x86)\windows kits\10\include\10.0.10240.0\ucrt\stdio.h(1270): note: see declaration of 'scanf'
c:\users\brevin simon\desktop\battleshipfeaturingrihanna\battleshipfeaturingrihanna\main.c(114): warning C4996: 'scanf': This function or variable may be unsafe. Consider using scanf_s instead. To disable deprecation, use _CRT_SECURE_NO_WARNINGS. See online help for details.
  c:\program files (x86)\windows kits\10\include\10.0.10240.0\ucrt\stdio.h(1270): note: see declaration of 'scanf'
c:\users\brevin simon\desktop\battleshipfeaturingrihanna\battleshipfeaturingrihanna\main.c(116): warning C4996: 'scanf': This function or variable may be unsafe. Consider using scanf_s instead. To disable deprecation, use _CRT_SECURE_NO_WARNINGS. See online help for details.
  c:\program files (x86)\windows kits\10\include\10.0.10240.0\ucrt\stdio.h(1270): note: see declaration of 'scanf'
c:\users\brevin simon\desktop\battleshipfeaturingrihanna\battleshipfeaturingrihanna\main.c(118): warning C4996: 'scanf': This function or variable may be unsafe. Consider using scanf_s instead. To disable deprecation, use _CRT_SECURE_NO_WARNINGS. See online help for details.
  c:\program files (x86)\windows kits\10\include\10.0.10240.0\ucrt\stdio.h(1270): note: see declaration of 'scanf'
c:\users\brevin simon\desktop\battleshipfeaturingrihanna\battleshipfeaturingrihanna\main.c(120): warning C4996: 'scanf': This function or variable may be unsafe. Consider using scanf_s instead. To disable deprecation, use _CRT_SECURE_NO_WARNINGS. See online help for details.
  c:\program files (x86)\windows kits\10\include\10.0.10240.0\ucrt\stdio.h(1270): note: see declaration of 'scanf'
c:\users\brevin simon\desktop\battleshipfeaturingrihanna\battleshipfeaturingrihanna\main.c(122): warning C4996: 'scanf': This function or variable may be unsafe. Consider using scanf_s instead. To disable deprecation, use _CRT_SECURE_NO_WARNINGS. See online help for details.
  c:\program files (x86)\windows kits\10\include\10.0.10240.0\ucrt\stdio.h(1270): note: see declaration of 'scanf'
c:\users\brevin simon\desktop\battleshipfeaturingrihanna\battleshipfeaturingrihanna\main.c(124): warning C4996: 'scanf': This function or variable may be unsafe. Consider using scanf_s instead. To disable deprecation, use _CRT_SECURE_NO_WARNINGS. See online help for details.
  c:\program files (x86)\windows kits\10\include\10.0.10240.0\ucrt\stdio.h(1270): note: see declaration of 'scanf'
c:\users\brevin simon\desktop\battleshipfeaturingrihanna\battleshipfeaturingrihanna\main.c(126): warning C4996: 'scanf': This function or variable may be unsafe. Consider using scanf_s instead. To disable deprecation, use _CRT_SECURE_NO_WARNINGS. See online help for details.
  c:\program files (x86)\windows kits\10\include\10.0.10240.0\ucrt\stdio.h(1270): note: see declaration of 'scanf'
c:\users\brevin simon\desktop\battleshipfeaturingrihanna\battleshipfeaturingrihanna\main.c(135): warning C4996: 'scanf': This function or variable may be unsafe. Consider using scanf_s instead. To disable deprecation, use _CRT_SECURE_NO_WARNINGS. See online help for details.
  c:\program files (x86)\windows kits\10\include\10.0.10240.0\ucrt\stdio.h(1270): note: see declaration of 'scanf'
c:\users\brevin simon\desktop\battleshipfeaturingrihanna\battleshipfeaturingrihanna\main.c(137): warning C4996: 'scanf': This function or variable may be unsafe. Consider using scanf_s instead. To disable deprecation, use _CRT_SECURE_NO_WARNINGS. See online help for details.
  c:\program files (x86)\windows kits\10\include\10.0.10240.0\ucrt\stdio.h(1270): note: see declaration of 'scanf'
c:\users\brevin simon\desktop\battleshipfeaturingrihanna\battleshipfeaturingrihanna\main.c(139): warning C4996: 'scanf': This function or variable may be unsafe. Consider using scanf_s instead. To disable deprecation, use _CRT_SECURE_NO_WARNINGS. See online help for details.
  c:\program files (x86)\windows kits\10\include\10.0.10240.0\ucrt\stdio.h(1270): note: see declaration of 'scanf'
c:\users\brevin simon\desktop\battleshipfeaturingrihanna\battleshipfeaturingrihanna\main.c(141): warning C4996: 'scanf': This function or variable may be unsafe. Consider using scanf_s instead. To disable deprecation, use _CRT_SECURE_NO_WARNINGS. See online help for details.
  c:\program files (x86)\windows kits\10\include\10.0.10240.0\ucrt\stdio.h(1270): note: see declaration of 'scanf'
c:\users\brevin simon\desktop\battleshipfeaturingrihanna\battleshipfeaturingrihanna\main.c(143): warning C4996: 'scanf': This function or variable may be unsafe. Consider using scanf_s instead. To disable deprecation, use _CRT_SECURE_NO_WARNINGS. See online help for details.
  c:\program files (x86)\windows kits\10\include\10.0.10240.0\ucrt\stdio.h(1270): note: see declaration of 'scanf'
c:\users\brevin simon\desktop\battleshipfeaturingrihanna\battleshipfeaturingrihanna\main.c(145): warning C4996: 'scanf': This function or variable may be unsafe. Consider using scanf_s instead. To disable deprecation, use _CRT_SECURE_NO_WARNINGS. See online help for details.
  c:\program files (x86)\windows kits\10\include\10.0.10240.0\ucrt\stdio.h(1270): note: see declaration of 'scanf'
c:\users\brevin simon\desktop\battleshipfeaturingrihanna\battleshipfeaturingrihanna\main.c(153): warning C4996: 'scanf': This function or variable may be unsafe. Consider using scanf_s instead. To disable deprecation, use _CRT_SECURE_NO_WARNINGS. See online help for details.
  c:\program files (x86)\windows kits\10\include\10.0.10240.0\ucrt\stdio.h(1270): note: see declaration of 'scanf'
c:\users\brevin simon\desktop\battleshipfeaturingrihanna\battleshipfeaturingrihanna\main.c(155): warning C4996: 'scanf': This function or variable may be unsafe. Consider using scanf_s instead. To disable deprecation, use _CRT_SECURE_NO_WARNINGS. See online help for details.
  c:\program files (x86)\windows kits\10\include\10.0.10240.0\ucrt\stdio.h(1270): note: see declaration of 'scanf'
c:\users\brevin simon\desktop\battleshipfeaturingrihanna\battleshipfeaturingrihanna\main.c(157): warning C4996: 'scanf': This function or variable may be unsafe. Consider using scanf_s instead. To disable deprecation, use _CRT_SECURE_NO_WARNINGS. See online help for details.
  c:\program files (x86)\windows kits\10\include\10.0.10240.0\ucrt\stdio.h(1270): note: see declaration of 'scanf'
c:\users\brevin simon\desktop\battleshipfeaturingrihanna\battleshipfeaturingrihanna\main.c(159): warning C4996: 'scanf': This function or variable may be unsafe. Consider using scanf_s instead. To disable deprecation, use _CRT_SECURE_NO_WARNINGS. See online help for details.
  c:\program files (x86)\windows kits\10\include\10.0.10240.0\ucrt\stdio.h(1270): note: see declaration of 'scanf'
c:\users\brevin simon\desktop\battleshipfeaturingrihanna\battleshipfeaturingrihanna\main.c(161): warning C4996: 'scanf': This function or variable may be unsafe. Consider using scanf_s instead. To disable deprecation, use _CRT_SECURE_NO_WARNINGS. See online help for details.
  c:\program files (x86)\windows kits\10\include\10.0.10240.0\ucrt\stdio.h(1270): note: see declaration of 'scanf'
c:\users\brevin simon\desktop\battleshipfeaturingrihanna\battleshipfeaturingrihanna\main.c(163): warning C4996: 'scanf': This function or variable may be unsafe. Consider using scanf_s instead. To disable deprecation, use _CRT_SECURE_NO_WARNINGS. See online help for details.
  c:\program files (x86)\windows kits\10\include\10.0.10240.0\ucrt\stdio.h(1270): note: see declaration of 'scanf'
c:\users\brevin simon\desktop\battleshipfeaturingrihanna\battleshipfeaturingrihanna\main.c(171): warning C4996: 'scanf': This function or variable may be unsafe. Consider using scanf_s instead. To disable deprecation, use _CRT_SECURE_NO_WARNINGS. See online help for details.
  c:\program files (x86)\windows kits\10\include\10.0.10240.0\ucrt\stdio.h(1270): note: see declaration of 'scanf'
c:\users\brevin simon\desktop\battleshipfeaturingrihanna\battleshipfeaturingrihanna\main.c(173): warning C4996: 'scanf': This function or variable may be unsafe. Consider using scanf_s instead. To disable deprecation, use _CRT_SECURE_NO_WARNINGS. See online help for details.
  c:\program files (x86)\windows kits\10\include\10.0.10240.0\ucrt\stdio.h(1270): note: see declaration of 'scanf'
c:\users\brevin simon\desktop\battleshipfeaturingrihanna\battleshipfeaturingrihanna\main.c(175): warning C4996: 'scanf': This function or variable may be unsafe. Consider using scanf_s instead. To disable deprecation, use _CRT_SECURE_NO_WARNINGS. See online help for details.
  c:\program files (x86)\windows kits\10\include\10.0.10240.0\ucrt\stdio.h(1270): note: see declaration of 'scanf'
c:\users\brevin simon\desktop\battleshipfeaturingrihanna\battleshipfeaturingrihanna\main.c(177): warning C4996: 'scanf': This function or variable may be unsafe. Consider using scanf_s instead. To disable deprecation, use _CRT_SECURE_NO_WARNINGS. See online help for details.
  c:\program files (x86)\windows kits\10\include\10.0.10240.0\ucrt\stdio.h(1270): note: see declaration of 'scanf'
c:\users\brevin simon\desktop\battleshipfeaturingrihanna\battleshipfeaturingrihanna\main.c(229): warning C4101: 'blue_flag': unreferenced local variable
c:\users\brevin simon\desktop\battleshipfeaturingrihanna\battleshipfeaturingrihanna\main.c(75): warning C4101: 'temp2': unreferenced local variable
c:\users\brevin simon\desktop\battleshipfeaturingrihanna\battleshipfeaturingrihanna\main.c(12): warning C4101: 'tilda_count_2': unreferenced local variable
c:\users\brevin simon\desktop\battleshipfeaturingrihanna\battleshipfeaturingrihanna\main.c(229): warning C4101: 'red_flag': unreferenced local variable
c:\users\brevin simon\desktop\battleshipfeaturingrihanna\battleshipfeaturingrihanna\main.c(12): warning C4101: 't6': unreferenced local variable
c:\users\brevin simon\desktop\battleshipfeaturingrihanna\battleshipfeaturingrihanna\main.c(75): warning C4101: 'temp1': unreferenced local variable
c:\users\brevin simon\desktop\battleshipfeaturingrihanna\battleshipfeaturingrihanna\main.c(12): warning C4101: 't5': unreferenced local variable
c:\users\brevin simon\desktop\battleshipfeaturingrihanna\battleshipfeaturingrihanna\main.c(271): warning C4101: 'bear': unreferenced local variable
c:\users\brevin simon\desktop\battleshipfeaturingrihanna\battleshipfeaturingrihanna\main.c(278): warning C4101: 'be': unreferenced local variable
c:\users\brevin simon\desktop\battleshipfeaturingrihanna\battleshipfeaturingrihanna\main.c(335): warning C4101: 'bear': unreferenced local variable
c:\users\brevin simon\desktop\battleshipfeaturingrihanna\battleshipfeaturingrihanna\main.c(342): warning C4101: 'be': unreferenced local variable
  equations.c
c:\users\brevin simon\desktop\battleshipfeaturingrihanna\battleshipfeaturingrihanna\equations.c(51): warning C4098: 'gen_start_pt': 'void' function returning a value
c:\users\brevin simon\desktop\battleshipfeaturingrihanna\battleshipfeaturingrihanna\equations.c(172): warning C4047: 'return': 'int *' differs in levels of indirection from 'char (*)[10]'
c:\users\brevin simon\desktop\battleshipfeaturingrihanna\battleshipfeaturingrihanna\equations.c(192): warning C4996: 'scanf': This function or variable may be unsafe. Consider using scanf_s instead. To disable deprecation, use _CRT_SECURE_NO_WARNINGS. See online help for details.
  c:\program files (x86)\windows kits\10\include\10.0.10240.0\ucrt\stdio.h(1270): note: see declaration of 'scanf'
c:\users\brevin simon\desktop\battleshipfeaturingrihanna\battleshipfeaturingrihanna\equations.c(194): warning C4996: 'scanf': This function or variable may be unsafe. Consider using scanf_s instead. To disable deprecation, use _CRT_SECURE_NO_WARNINGS. See online help for details.
  c:\program files (x86)\windows kits\10\include\10.0.10240.0\ucrt\stdio.h(1270): note: see declaration of 'scanf'
  Generating Code...
c:\users\brevin simon\desktop\battleshipfeaturingrihanna\battleshipfeaturingrihanna\equations.c(230): warning C4715: 'check_shot': not all control paths return a value
c:\users\brevin simon\desktop\battleshipfeaturingrihanna\battleshipfeaturingrihanna\equations.c(257): warning C4715: 'check_win': not all control paths return a value
  BattleshipFeaturingRihanna.vcxproj -> C:\Users\brevin Simon\Desktop\BattleshipFeaturingRihanna\Debug\BattleshipFeaturingRihanna.exe
  BattleshipFeaturingRihanna.vcxproj -> C:\Users\brevin Simon\Desktop\BattleshipFeaturingRihanna\Debug\BattleshipFeaturingRihanna.pdb (Full PDB)
